#
# A fatal error has been detected by the Java Runtime Environment:
#
#  SIGSEGV (0xb) at pc=0x0000000000000000, pid=86523, tid=43011
#
# JRE version: Java(TM) SE Runtime Environment (10.0.2+13) (build 10.0.2+13)
# Java VM: Java HotSpot(TM) 64-Bit Server VM (10.0.2+13, mixed mode, tiered, compressed oops, g1 gc, bsd-amd64)
# Problematic frame:
# C  0x0000000000000000
#
# No core dump will be written. Core dumps have been disabled. To enable core dumping, try "ulimit -c unlimited" before starting Java again
#
# If you would like to submit a bug report, please visit:
#   http://bugreport.java.com/bugreport/crash.jsp
#

---------------  S U M M A R Y ------------

Command Line: -agentlib:jdwp=transport=dt_socket,suspend=y,address=localhost:63327 -javaagent:/Users/harrisongroll/eclipse/java-photon/Eclipse.app/Contents/Eclipse/configuration/org.eclipse.osgi/231/0/.cp/lib/javaagent-shaded.jar -Dfile.encoding=UTF-8 --module-path=/Users/harrisongroll/eclipse-workspace/Lab10/bin -Djdk.module.main=Lab10 Lab10/lab10.MaxHeap

Host: MacBookPro11,4 x86_64 2200 MHz, 8 cores, 16G, Darwin 17.7.0
Time: Thu Nov  8 19:09:43 2018 EST elapsed time: 1662 seconds (0d 0h 27m 42s)

---------------  T H R E A D  ---------------

Current thread (0x00007fe4b3814800):  VMThread "VM Thread" [stack: 0x0000700006831000,0x0000700006931000] [id=43011]

Stack: [0x0000700006831000,0x0000700006931000],  sp=0x000070000692f728,  free space=1017k

siginfo: si_signo: 11 (SIGSEGV), si_code: 1 (SEGV_MAPERR), si_addr: 0x0000000000000000

Register to memory mapping:

RAX=0x0000000000000000 is an unknown value
RBX=0x000070000692f730 is an unknown value
RCX=0x00000001245dc194 is at code_begin+2548 in an Interpreter codelet
invoke return entry points  [0x00000001245db7a0, 0x00000001245dd240]  6816 bytes
RDX=0x0000000124607460 is an unknown value
RSP=0x000070000692f728 is an unknown value
RBP=0x00007000069309e0 is an unknown value
RSI=0x0000000000000001 is an unknown value
RDI=0x0000000118e688c0 is pointing into metadata
R8 =0x00000001245d1000 is an unknown value
R9 =0x000000000000000a is an unknown value
R10=0x000000000000000a is an unknown value
R11=0x00007fe4b2d00000 is an unknown value
R12=0x0000700006930990 is an unknown value
R13=0x000070000734ea30 is pointing into the stack for thread: 0x00007fe4b3069800
R14=0x000070000692f760 is an unknown value
R15=0x000000010ede38d6: _ZN8Metadata13mark_on_stackEPS_+0 in /Library/Java/JavaVirtualMachines/jdk-10.0.2.jdk/Contents/Home/lib/server/libjvm.dylib at 0x000000010e800000


Registers:
RAX=0x0000000000000000, RBX=0x000070000692f730, RCX=0x00000001245dc194, RDX=0x0000000124607460
RSP=0x000070000692f728, RBP=0x00007000069309e0, RSI=0x0000000000000001, RDI=0x0000000118e688c0
R8 =0x00000001245d1000, R9 =0x000000000000000a, R10=0x000000000000000a, R11=0x00007fe4b2d00000
R12=0x0000700006930990, R13=0x000070000734ea30, R14=0x000070000692f760, R15=0x000000010ede38d6
RIP=0x0000000000000000, EFLAGS=0x0000000000010202, ERR=0x0000000000000014
  TRAPNO=0x000000000000000e

Top of Stack: (sp=0x000070000692f728)
0x000070000692f728:   000000010ef48808 000000010f69f848
0x000070000692f738:   00000001245dc194 00000001245d9790
0x000070000692f748:   0000000100000000 000000010f69f8a0
0x000070000692f758:   000000010f69f850 000070000692f780
0x000070000692f768:   000000010ef8f997 0000000000000004
0x000070000692f778:   00007fe4b5801800 00007000069309e0
0x000070000692f788:   000000010eccd069 0000000000000000
0x000070000692f798:   0000000000000000 0000700006930a80
0x000070000692f7a8:   000000010eccd43c 000000010f69f838
0x000070000692f7b8:   000000010f69f838 00007fe4b2d01050
0x000070000692f7c8:   00007fe4b2d27290 000000010f13c7d0
0x000070000692f7d8:   00007fe4b5801800 00007fe4b3069800
0x000070000692f7e8:   00007fe4b2d27290 0000700000000000
0x000070000692f7f8:   00007fe4b2d01050 00007fe4b436bc80
0x000070000692f808:   0000000000000012 000070000692f830
0x000070000692f818:   000000010e903244 0000700006930a88
0x000070000692f828:   00007fe4b2e1a9d0 000070000692f850
0x000070000692f838:   000000010ef65d97 000070000734e660
0x000070000692f848:   00007fe4b387c810 0000700006930ac0
0x000070000692f858:   000000010eccfd4d 0000000000000000
0x000070000692f868:   0000000000000000 0000000000000000
0x000070000692f878:   0000000000000000 0000000000000000
0x000070000692f888:   0000000000000000 0000000000000000
0x000070000692f898:   0000000000000000 0000000000000000
0x000070000692f8a8:   0000000000000000 0000000000000000
0x000070000692f8b8:   0000000000000000 0000000000000000
0x000070000692f8c8:   0000000000000000 0000000000000000
0x000070000692f8d8:   0000000000000000 0000000000000000
0x000070000692f8e8:   0000000000000000 0000000000000000
0x000070000692f8f8:   0000000000000000 0000000000000000
0x000070000692f908:   0000000000000000 0000000000000000
0x000070000692f918:   0000000000000000 0000000000000000 

Instructions: (pc=0x0000000000000000)
0xffffffffffffffe0:   

VM_Operation (0x000070000734ea30): RedefineClasses, mode: safepoint, requested by thread 0x00007fe4b3069800


---------------  P R O C E S S  ---------------

Threads class SMR info:
_java_thread_list=0x00007fe4b40173c0, length=14, elements={
0x00007fe4b5801800, 0x00007fe4b3813000, 0x00007fe4b3828000, 0x00007fe4b5003800,
0x00007fe4b5814800, 0x00007fe4b4815800, 0x00007fe4b5006800, 0x00007fe4b5007800,
0x00007fe4b5008000, 0x00007fe4b68b8000, 0x00007fe4b3069800, 0x00007fe4b704c800,
0x00007fe4b4812000, 0x00007fe4b4875000
}

Java Threads: ( => current thread )
  0x00007fe4b5801800 JavaThread "main" [_thread_blocked, id=5891, stack(0x000000010f5a0000,0x000000010f6a0000)]
  0x00007fe4b3813000 JavaThread "Reference Handler" daemon [_thread_blocked, id=42755, stack(0x0000700006934000,0x0000700006a34000)]
  0x00007fe4b3828000 JavaThread "Finalizer" daemon [_thread_blocked, id=23043, stack(0x0000700006a37000,0x0000700006b37000)]
  0x00007fe4b5003800 JavaThread "Signal Dispatcher" daemon [_thread_blocked, id=41219, stack(0x0000700006b3a000,0x0000700006c3a000)]
  0x00007fe4b5814800 JavaThread "C2 CompilerThread0" daemon [_thread_blocked, id=25859, stack(0x0000700006c3d000,0x0000700006d3d000)]
  0x00007fe4b4815800 JavaThread "C2 CompilerThread1" daemon [_thread_blocked, id=40451, stack(0x0000700006d40000,0x0000700006e40000)]
  0x00007fe4b5006800 JavaThread "C2 CompilerThread2" daemon [_thread_blocked, id=26627, stack(0x0000700006e43000,0x0000700006f43000)]
  0x00007fe4b5007800 JavaThread "C1 CompilerThread3" daemon [_thread_blocked, id=27139, stack(0x0000700006f46000,0x0000700007046000)]
  0x00007fe4b5008000 JavaThread "Sweeper thread" daemon [_thread_blocked, id=27907, stack(0x0000700007049000,0x0000700007149000)]
  0x00007fe4b68b8000 JavaThread "Common-Cleaner" daemon [_thread_blocked, id=39427, stack(0x000070000714c000,0x000070000724c000)]
  0x00007fe4b3069800 JavaThread "JDWP Transport Listener: dt_socket" daemon [_thread_blocked, id=38915, stack(0x000070000724f000,0x000070000734f000)]
  0x00007fe4b704c800 JavaThread "JDWP Event Helper Thread" daemon [_thread_blocked, id=38403, stack(0x0000700007352000,0x0000700007452000)]
  0x00007fe4b4812000 JavaThread "JDWP Command Reader" daemon [_thread_in_native, id=29187, stack(0x0000700007455000,0x0000700007555000)]
  0x00007fe4b4875000 JavaThread "Service Thread" daemon [_thread_blocked, id=37379, stack(0x0000700007558000,0x0000700007658000)]

Other Threads:
=>0x00007fe4b3814800 VMThread "VM Thread" [stack: 0x0000700006831000,0x0000700006931000] [id=43011]
  0x00007fe4b5815800 WatcherThread [stack: 0x000070000765b000,0x000070000775b000] [id=29443]
  0x00007fe4b3007800 GCTaskThread "GC Thread#0" [stack: 0x00007000053f5000,0x00007000054f5000] [id=11523]
  0x00007fe4b3008000 GCTaskThread "GC Thread#1" [stack: 0x00007000054f8000,0x00007000055f8000] [id=21251]
  0x00007fe4b3009000 GCTaskThread "GC Thread#2" [stack: 0x00007000055fb000,0x00007000056fb000] [id=20739]
  0x00007fe4b3009800 GCTaskThread "GC Thread#3" [stack: 0x00007000056fe000,0x00007000057fe000] [id=12291]
  0x00007fe4b300a800 GCTaskThread "GC Thread#4" [stack: 0x0000700005801000,0x0000700005901000] [id=12803]
  0x00007fe4b300b000 GCTaskThread "GC Thread#5" [stack: 0x0000700005904000,0x0000700005a04000] [id=20483]
  0x00007fe4b300c000 GCTaskThread "GC Thread#6" [stack: 0x0000700005a07000,0x0000700005b07000] [id=20227]
  0x00007fe4b300c800 GCTaskThread "GC Thread#7" [stack: 0x0000700005b0a000,0x0000700005c0a000] [id=13827]
  0x00007fe4b3039800 ConcurrentGCThread "G1 Main Marker" [stack: 0x0000700005c0d000,0x0000700005d0d000] [id=19715]
  0x00007fe4b5000800 ConcurrentGCThread "G1 Conc#0" [stack: 0x0000700005d10000,0x0000700005e10000] [id=14083]
  0x00007fe4b6000000 ConcurrentGCThread "G1 Conc#1" [stack: 0x0000700005e13000,0x0000700005f13000] [id=18691]
  0x00007fe4b6880000 ConcurrentGCThread "G1 Refine#0" [stack: 0x0000700005f16000,0x0000700006016000] [id=14595]
  0x00007fe4b6881000 ConcurrentGCThread "G1 Refine#1" [stack: 0x0000700006019000,0x0000700006119000] [id=18179]
  0x00007fe4b6881800 ConcurrentGCThread "G1 Refine#2" [stack: 0x000070000611c000,0x000070000621c000] [id=15363]
  0x00007fe4b6882800 ConcurrentGCThread "G1 Refine#3" [stack: 0x000070000621f000,0x000070000631f000] [id=17667]
  0x00007fe4b6883000 ConcurrentGCThread "G1 Refine#4" [stack: 0x0000700006322000,0x0000700006422000] [id=17155]
  0x00007fe4b6884000 ConcurrentGCThread "G1 Refine#5" [stack: 0x0000700006425000,0x0000700006525000] [id=16643]
  0x00007fe4b6884800 ConcurrentGCThread "G1 Refine#6" [stack: 0x0000700006528000,0x0000700006628000] [id=16131]
  0x00007fe4b6885800 ConcurrentGCThread "G1 Refine#7" [stack: 0x000070000662b000,0x000070000672b000] [id=15875]
  0x00007fe4b6886000 ConcurrentGCThread "G1 Young RemSet Sampling" [stack: 0x000070000672e000,0x000070000682e000] [id=43267]

Threads with active compile tasks:

VM state:at safepoint (normal execution)

VM Mutex/Monitor currently owned by a thread:  ([mutex/lock_event])
[0x00007fe4b4102490] Threads_lock - owner thread: 0x00007fe4b3814800

Heap address: 0x00000006c0000000, size: 4096 MB, Compressed Oops mode: Zero based, Oop shift amount: 3
Narrow klass base: 0x0000000000000000, Narrow klass shift: 3
Compressed class space size: 1073741824 Address: 0x00000007c0000000

Heap:
 garbage-first heap   total 262144K, used 5120K [0x00000006c0000000, 0x00000007c0000000)
  region size 1024K, 6 young (6144K), 0 survivors (0K)
 Metaspace       used 9434K, capacity 9521K, committed 9856K, reserved 1058816K
  class space    used 799K, capacity 856K, committed 896K, reserved 1048576K
Heap Regions: E=young(eden), S=young(survivor), O=old, HS=humongous(starts), HC=humongous(continues), CS=collection set, F=free, A=archive, TS=gc time stamp, AC=allocation context, TAMS=top-at-mark-start (previous, next)
|   0|0x00000006c0000000, 0x00000006c0000000, 0x00000006c0100000|  0%| F|  |TS  0|AC  0|TAMS 0x00000006c0000000, 0x00000006c0000000|
|   1|0x00000006c0100000, 0x00000006c0100000, 0x00000006c0200000|  0%| F|  |TS  0|AC  0|TAMS 0x00000006c0100000, 0x00000006c0100000|
|   2|0x00000006c0200000, 0x00000006c0200000, 0x00000006c0300000|  0%| F|  |TS  0|AC  0|TAMS 0x00000006c0200000, 0x00000006c0200000|
|   3|0x00000006c0300000, 0x00000006c0300000, 0x00000006c0400000|  0%| F|  |TS  0|AC  0|TAMS 0x00000006c0300000, 0x00000006c0300000|
|   4|0x00000006c0400000, 0x00000006c0400000, 0x00000006c0500000|  0%| F|  |TS  0|AC  0|TAMS 0x00000006c0400000, 0x00000006c0400000|
|   5|0x00000006c0500000, 0x00000006c0500000, 0x00000006c0600000|  0%| F|  |TS  0|AC  0|TAMS 0x00000006c0500000, 0x00000006c0500000|
|   6|0x00000006c0600000, 0x00000006c0600000, 0x00000006c0700000|  0%| F|  |TS  0|AC  0|TAMS 0x00000006c0600000, 0x00000006c0600000|
|   7|0x00000006c0700000, 0x00000006c0700000, 0x00000006c0800000|  0%| F|  |TS  0|AC  0|TAMS 0x00000006c0700000, 0x00000006c0700000|
|   8|0x00000006c0800000, 0x00000006c0800000, 0x00000006c0900000|  0%| F|  |TS  0|AC  0|TAMS 0x00000006c0800000, 0x00000006c0800000|
|   9|0x00000006c0900000, 0x00000006c0900000, 0x00000006c0a00000|  0%| F|  |TS  0|AC  0|TAMS 0x00000006c0900000, 0x00000006c0900000|
|  10|0x00000006c0a00000, 0x00000006c0a00000, 0x00000006c0b00000|  0%| F|  |TS  0|AC  0|TAMS 0x00000006c0a00000, 0x00000006c0a00000|
|  11|0x00000006c0b00000, 0x00000006c0b00000, 0x00000006c0c00000|  0%| F|  |TS  0|AC  0|TAMS 0x00000006c0b00000, 0x00000006c0b00000|
|  12|0x00000006c0c00000, 0x00000006c0c00000, 0x00000006c0d00000|  0%| F|  |TS  0|AC  0|TAMS 0x00000006c0c00000, 0x00000006c0c00000|
|  13|0x00000006c0d00000, 0x00000006c0d00000, 0x00000006c0e00000|  0%| F|  |TS  0|AC  0|TAMS 0x00000006c0d00000, 0x00000006c0d00000|
|  14|0x00000006c0e00000, 0x00000006c0e00000, 0x00000006c0f00000|  0%| F|  |TS  0|AC  0|TAMS 0x00000006c0e00000, 0x00000006c0e00000|
|  15|0x00000006c0f00000, 0x00000006c0f00000, 0x00000006c1000000|  0%| F|  |TS  0|AC  0|TAMS 0x00000006c0f00000, 0x00000006c0f00000|
|  16|0x00000006c1000000, 0x00000006c1000000, 0x00000006c1100000|  0%| F|  |TS  0|AC  0|TAMS 0x00000006c1000000, 0x00000006c1000000|
|  17|0x00000006c1100000, 0x00000006c1100000, 0x00000006c1200000|  0%| F|  |TS  0|AC  0|TAMS 0x00000006c1100000, 0x00000006c1100000|
|  18|0x00000006c1200000, 0x00000006c1200000, 0x00000006c1300000|  0%| F|  |TS  0|AC  0|TAMS 0x00000006c1200000, 0x00000006c1200000|
|  19|0x00000006c1300000, 0x00000006c1300000, 0x00000006c1400000|  0%| F|  |TS  0|AC  0|TAMS 0x00000006c1300000, 0x00000006c1300000|
|  20|0x00000006c1400000, 0x00000006c1400000, 0x00000006c1500000|  0%| F|  |TS  0|AC  0|TAMS 0x00000006c1400000, 0x00000006c1400000|
|  21|0x00000006c1500000, 0x00000006c1500000, 0x00000006c1600000|  0%| F|  |TS  0|AC  0|TAMS 0x00000006c1500000, 0x00000006c1500000|
|  22|0x00000006c1600000, 0x00000006c1600000, 0x00000006c1700000|  0%| F|  |TS  0|AC  0|TAMS 0x00000006c1600000, 0x00000006c1600000|
|  23|0x00000006c1700000, 0x00000006c1700000, 0x00000006c1800000|  0%| F|  |TS  0|AC  0|TAMS 0x00000006c1700000, 0x00000006c1700000|
|  24|0x00000006c1800000, 0x00000006c1800000, 0x00000006c1900000|  0%| F|  |TS  0|AC  0|TAMS 0x00000006c1800000, 0x00000006c1800000|
|  25|0x00000006c1900000, 0x00000006c1900000, 0x00000006c1a00000|  0%| F|  |TS  0|AC  0|TAMS 0x00000006c1900000, 0x00000006c1900000|
|  26|0x00000006c1a00000, 0x00000006c1a00000, 0x00000006c1b00000|  0%| F|  |TS  0|AC  0|TAMS 0x00000006c1a00000, 0x00000006c1a00000|
|  27|0x00000006c1b00000, 0x00000006c1b00000, 0x00000006c1c00000|  0%| F|  |TS  0|AC  0|TAMS 0x00000006c1b00000, 0x00000006c1b00000|
|  28|0x00000006c1c00000, 0x00000006c1c00000, 0x00000006c1d00000|  0%| F|  |TS  0|AC  0|TAMS 0x00000006c1c00000, 0x00000006c1c00000|
|  29|0x00000006c1d00000, 0x00000006c1d00000, 0x00000006c1e00000|  0%| F|  |TS  0|AC  0|TAMS 0x00000006c1d00000, 0x00000006c1d00000|
|  30|0x00000006c1e00000, 0x00000006c1e00000, 0x00000006c1f00000|  0%| F|  |TS  0|AC  0|TAMS 0x00000006c1e00000, 0x00000006c1e00000|
|  31|0x00000006c1f00000, 0x00000006c1f00000, 0x00000006c2000000|  0%| F|  |TS  0|AC  0|TAMS 0x00000006c1f00000, 0x00000006c1f00000|
|  32|0x00000006c2000000, 0x00000006c2000000, 0x00000006c2100000|  0%| F|  |TS  0|AC  0|TAMS 0x00000006c2000000, 0x00000006c2000000|
|  33|0x00000006c2100000, 0x00000006c2100000, 0x00000006c2200000|  0%| F|  |TS  0|AC  0|TAMS 0x00000006c2100000, 0x00000006c2100000|
|  34|0x00000006c2200000, 0x00000006c2200000, 0x00000006c2300000|  0%| F|  |TS  0|AC  0|TAMS 0x00000006c2200000, 0x00000006c2200000|
|  35|0x00000006c2300000, 0x00000006c2300000, 0x00000006c2400000|  0%| F|  |TS  0|AC  0|TAMS 0x00000006c2300000, 0x00000006c2300000|
|  36|0x00000006c2400000, 0x00000006c2400000, 0x00000006c2500000|  0%| F|  |TS  0|AC  0|TAMS 0x00000006c2400000, 0x00000006c2400000|
|  37|0x00000006c2500000, 0x00000006c2500000, 0x00000006c2600000|  0%| F|  |TS  0|AC  0|TAMS 0x00000006c2500000, 0x00000006c2500000|
|  38|0x00000006c2600000, 0x00000006c2600000, 0x00000006c2700000|  0%| F|  |TS  0|AC  0|TAMS 0x00000006c2600000, 0x00000006c2600000|
|  39|0x00000006c2700000, 0x00000006c2700000, 0x00000006c2800000|  0%| F|  |TS  0|AC  0|TAMS 0x00000006c2700000, 0x00000006c2700000|
|  40|0x00000006c2800000, 0x00000006c2800000, 0x00000006c2900000|  0%| F|  |TS  0|AC  0|TAMS 0x00000006c2800000, 0x00000006c2800000|
|  41|0x00000006c2900000, 0x00000006c2900000, 0x00000006c2a00000|  0%| F|  |TS  0|AC  0|TAMS 0x00000006c2900000, 0x00000006c2900000|
|  42|0x00000006c2a00000, 0x00000006c2a00000, 0x00000006c2b00000|  0%| F|  |TS  0|AC  0|TAMS 0x00000006c2a00000, 0x00000006c2a00000|
|  43|0x00000006c2b00000, 0x00000006c2b00000, 0x00000006c2c00000|  0%| F|  |TS  0|AC  0|TAMS 0x00000006c2b00000, 0x00000006c2b00000|
|  44|0x00000006c2c00000, 0x00000006c2c00000, 0x00000006c2d00000|  0%| F|  |TS  0|AC  0|TAMS 0x00000006c2c00000, 0x00000006c2c00000|
|  45|0x00000006c2d00000, 0x00000006c2d00000, 0x00000006c2e00000|  0%| F|  |TS  0|AC  0|TAMS 0x00000006c2d00000, 0x00000006c2d00000|
|  46|0x00000006c2e00000, 0x00000006c2e00000, 0x00000006c2f00000|  0%| F|  |TS  0|AC  0|TAMS 0x00000006c2e00000, 0x00000006c2e00000|
|  47|0x00000006c2f00000, 0x00000006c2f00000, 0x00000006c3000000|  0%| F|  |TS  0|AC  0|TAMS 0x00000006c2f00000, 0x00000006c2f00000|
|  48|0x00000006c3000000, 0x00000006c3000000, 0x00000006c3100000|  0%| F|  |TS  0|AC  0|TAMS 0x00000006c3000000, 0x00000006c3000000|
|  49|0x00000006c3100000, 0x00000006c3100000, 0x00000006c3200000|  0%| F|  |TS  0|AC  0|TAMS 0x00000006c3100000, 0x00000006c3100000|
|  50|0x00000006c3200000, 0x00000006c3200000, 0x00000006c3300000|  0%| F|  |TS  0|AC  0|TAMS 0x00000006c3200000, 0x00000006c3200000|
|  51|0x00000006c3300000, 0x00000006c3300000, 0x00000006c3400000|  0%| F|  |TS  0|AC  0|TAMS 0x00000006c3300000, 0x00000006c3300000|
|  52|0x00000006c3400000, 0x00000006c3400000, 0x00000006c3500000|  0%| F|  |TS  0|AC  0|TAMS 0x00000006c3400000, 0x00000006c3400000|
|  53|0x00000006c3500000, 0x00000006c3500000, 0x00000006c3600000|  0%| F|  |TS  0|AC  0|TAMS 0x00000006c3500000, 0x00000006c3500000|
|  54|0x00000006c3600000, 0x00000006c3600000, 0x00000006c3700000|  0%| F|  |TS  0|AC  0|TAMS 0x00000006c3600000, 0x00000006c3600000|
|  55|0x00000006c3700000, 0x00000006c3700000, 0x00000006c3800000|  0%| F|  |TS  0|AC  0|TAMS 0x00000006c3700000, 0x00000006c3700000|
|  56|0x00000006c3800000, 0x00000006c3800000, 0x00000006c3900000|  0%| F|  |TS  0|AC  0|TAMS 0x00000006c3800000, 0x00000006c3800000|
|  57|0x00000006c3900000, 0x00000006c3900000, 0x00000006c3a00000|  0%| F|  |TS  0|AC  0|TAMS 0x00000006c3900000, 0x00000006c3900000|
|  58|0x00000006c3a00000, 0x00000006c3a00000, 0x00000006c3b00000|  0%| F|  |TS  0|AC  0|TAMS 0x00000006c3a00000, 0x00000006c3a00000|
|  59|0x00000006c3b00000, 0x00000006c3b00000, 0x00000006c3c00000|  0%| F|  |TS  0|AC  0|TAMS 0x00000006c3b00000, 0x00000006c3b00000|
|  60|0x00000006c3c00000, 0x00000006c3c00000, 0x00000006c3d00000|  0%| F|  |TS  0|AC  0|TAMS 0x00000006c3c00000, 0x00000006c3c00000|
|  61|0x00000006c3d00000, 0x00000006c3d00000, 0x00000006c3e00000|  0%| F|  |TS  0|AC  0|TAMS 0x00000006c3d00000, 0x00000006c3d00000|
|  62|0x00000006c3e00000, 0x00000006c3e00000, 0x00000006c3f00000|  0%| F|  |TS  0|AC  0|TAMS 0x00000006c3e00000, 0x00000006c3e00000|
|  63|0x00000006c3f00000, 0x00000006c3f00000, 0x00000006c4000000|  0%| F|  |TS  0|AC  0|TAMS 0x00000006c3f00000, 0x00000006c3f00000|
|  64|0x00000006c4000000, 0x00000006c4000000, 0x00000006c4100000|  0%| F|  |TS  0|AC  0|TAMS 0x00000006c4000000, 0x00000006c4000000|
|  65|0x00000006c4100000, 0x00000006c4100000, 0x00000006c4200000|  0%| F|  |TS  0|AC  0|TAMS 0x00000006c4100000, 0x00000006c4100000|
|  66|0x00000006c4200000, 0x00000006c4200000, 0x00000006c4300000|  0%| F|  |TS  0|AC  0|TAMS 0x00000006c4200000, 0x00000006c4200000|
|  67|0x00000006c4300000, 0x00000006c4300000, 0x00000006c4400000|  0%| F|  |TS  0|AC  0|TAMS 0x00000006c4300000, 0x00000006c4300000|
|  68|0x00000006c4400000, 0x00000006c4400000, 0x00000006c4500000|  0%| F|  |TS  0|AC  0|TAMS 0x00000006c4400000, 0x00000006c4400000|
|  69|0x00000006c4500000, 0x00000006c4500000, 0x00000006c4600000|  0%| F|  |TS  0|AC  0|TAMS 0x00000006c4500000, 0x00000006c4500000|
|  70|0x00000006c4600000, 0x00000006c4600000, 0x00000006c4700000|  0%| F|  |TS  0|AC  0|TAMS 0x00000006c4600000, 0x00000006c4600000|
|  71|0x00000006c4700000, 0x00000006c4700000, 0x00000006c4800000|  0%| F|  |TS  0|AC  0|TAMS 0x00000006c4700000, 0x00000006c4700000|
|  72|0x00000006c4800000, 0x00000006c4800000, 0x00000006c4900000|  0%| F|  |TS  0|AC  0|TAMS 0x00000006c4800000, 0x00000006c4800000|
|  73|0x00000006c4900000, 0x00000006c4900000, 0x00000006c4a00000|  0%| F|  |TS  0|AC  0|TAMS 0x00000006c4900000, 0x00000006c4900000|
|  74|0x00000006c4a00000, 0x00000006c4a00000, 0x00000006c4b00000|  0%| F|  |TS  0|AC  0|TAMS 0x00000006c4a00000, 0x00000006c4a00000|
|  75|0x00000006c4b00000, 0x00000006c4b00000, 0x00000006c4c00000|  0%| F|  |TS  0|AC  0|TAMS 0x00000006c4b00000, 0x00000006c4b00000|
|  76|0x00000006c4c00000, 0x00000006c4c00000, 0x00000006c4d00000|  0%| F|  |TS  0|AC  0|TAMS 0x00000006c4c00000, 0x00000006c4c00000|
|  77|0x00000006c4d00000, 0x00000006c4d00000, 0x00000006c4e00000|  0%| F|  |TS  0|AC  0|TAMS 0x00000006c4d00000, 0x00000006c4d00000|
|  78|0x00000006c4e00000, 0x00000006c4e00000, 0x00000006c4f00000|  0%| F|  |TS  0|AC  0|TAMS 0x00000006c4e00000, 0x00000006c4e00000|
|  79|0x00000006c4f00000, 0x00000006c4f00000, 0x00000006c5000000|  0%| F|  |TS  0|AC  0|TAMS 0x00000006c4f00000, 0x00000006c4f00000|
|  80|0x00000006c5000000, 0x00000006c5000000, 0x00000006c5100000|  0%| F|  |TS  0|AC  0|TAMS 0x00000006c5000000, 0x00000006c5000000|
|  81|0x00000006c5100000, 0x00000006c5100000, 0x00000006c5200000|  0%| F|  |TS  0|AC  0|TAMS 0x00000006c5100000, 0x00000006c5100000|
|  82|0x00000006c5200000, 0x00000006c5200000, 0x00000006c5300000|  0%| F|  |TS  0|AC  0|TAMS 0x00000006c5200000, 0x00000006c5200000|
|  83|0x00000006c5300000, 0x00000006c5300000, 0x00000006c5400000|  0%| F|  |TS  0|AC  0|TAMS 0x00000006c5300000, 0x00000006c5300000|
|  84|0x00000006c5400000, 0x00000006c5400000, 0x00000006c5500000|  0%| F|  |TS  0|AC  0|TAMS 0x00000006c5400000, 0x00000006c5400000|
|  85|0x00000006c5500000, 0x00000006c5500000, 0x00000006c5600000|  0%| F|  |TS  0|AC  0|TAMS 0x00000006c5500000, 0x00000006c5500000|
|  86|0x00000006c5600000, 0x00000006c5600000, 0x00000006c5700000|  0%| F|  |TS  0|AC  0|TAMS 0x00000006c5600000, 0x00000006c5600000|
|  87|0x00000006c5700000, 0x00000006c5700000, 0x00000006c5800000|  0%| F|  |TS  0|AC  0|TAMS 0x00000006c5700000, 0x00000006c5700000|
|  88|0x00000006c5800000, 0x00000006c5800000, 0x00000006c5900000|  0%| F|  |TS  0|AC  0|TAMS 0x00000006c5800000, 0x00000006c5800000|
|  89|0x00000006c5900000, 0x00000006c5900000, 0x00000006c5a00000|  0%| F|  |TS  0|AC  0|TAMS 0x00000006c5900000, 0x00000006c5900000|
|  90|0x00000006c5a00000, 0x00000006c5a00000, 0x00000006c5b00000|  0%| F|  |TS  0|AC  0|TAMS 0x00000006c5a00000, 0x00000006c5a00000|
|  91|0x00000006c5b00000, 0x00000006c5b00000, 0x00000006c5c00000|  0%| F|  |TS  0|AC  0|TAMS 0x00000006c5b00000, 0x00000006c5b00000|
|  92|0x00000006c5c00000, 0x00000006c5c00000, 0x00000006c5d00000|  0%| F|  |TS  0|AC  0|TAMS 0x00000006c5c00000, 0x00000006c5c00000|
|  93|0x00000006c5d00000, 0x00000006c5d00000, 0x00000006c5e00000|  0%| F|  |TS  0|AC  0|TAMS 0x00000006c5d00000, 0x00000006c5d00000|
|  94|0x00000006c5e00000, 0x00000006c5e00000, 0x00000006c5f00000|  0%| F|  |TS  0|AC  0|TAMS 0x00000006c5e00000, 0x00000006c5e00000|
|  95|0x00000006c5f00000, 0x00000006c5f00000, 0x00000006c6000000|  0%| F|  |TS  0|AC  0|TAMS 0x00000006c5f00000, 0x00000006c5f00000|
|  96|0x00000006c6000000, 0x00000006c6000000, 0x00000006c6100000|  0%| F|  |TS  0|AC  0|TAMS 0x00000006c6000000, 0x00000006c6000000|
|  97|0x00000006c6100000, 0x00000006c6100000, 0x00000006c6200000|  0%| F|  |TS  0|AC  0|TAMS 0x00000006c6100000, 0x00000006c6100000|
|  98|0x00000006c6200000, 0x00000006c6200000, 0x00000006c6300000|  0%| F|  |TS  0|AC  0|TAMS 0x00000006c6200000, 0x00000006c6200000|
|  99|0x00000006c6300000, 0x00000006c6300000, 0x00000006c6400000|  0%| F|  |TS  0|AC  0|TAMS 0x00000006c6300000, 0x00000006c6300000|
| 100|0x00000006c6400000, 0x00000006c6400000, 0x00000006c6500000|  0%| F|  |TS  0|AC  0|TAMS 0x00000006c6400000, 0x00000006c6400000|
| 101|0x00000006c6500000, 0x00000006c6500000, 0x00000006c6600000|  0%| F|  |TS  0|AC  0|TAMS 0x00000006c6500000, 0x00000006c6500000|
| 102|0x00000006c6600000, 0x00000006c6600000, 0x00000006c6700000|  0%| F|  |TS  0|AC  0|TAMS 0x00000006c6600000, 0x00000006c6600000|
| 103|0x00000006c6700000, 0x00000006c6700000, 0x00000006c6800000|  0%| F|  |TS  0|AC  0|TAMS 0x00000006c6700000, 0x00000006c6700000|
| 104|0x00000006c6800000, 0x00000006c6800000, 0x00000006c6900000|  0%| F|  |TS  0|AC  0|TAMS 0x00000006c6800000, 0x00000006c6800000|
| 105|0x00000006c6900000, 0x00000006c6900000, 0x00000006c6a00000|  0%| F|  |TS  0|AC  0|TAMS 0x00000006c6900000, 0x00000006c6900000|
| 106|0x00000006c6a00000, 0x00000006c6a00000, 0x00000006c6b00000|  0%| F|  |TS  0|AC  0|TAMS 0x00000006c6a00000, 0x00000006c6a00000|
| 107|0x00000006c6b00000, 0x00000006c6b00000, 0x00000006c6c00000|  0%| F|  |TS  0|AC  0|TAMS 0x00000006c6b00000, 0x00000006c6b00000|
| 108|0x00000006c6c00000, 0x00000006c6c00000, 0x00000006c6d00000|  0%| F|  |TS  0|AC  0|TAMS 0x00000006c6c00000, 0x00000006c6c00000|
| 109|0x00000006c6d00000, 0x00000006c6d00000, 0x00000006c6e00000|  0%| F|  |TS  0|AC  0|TAMS 0x00000006c6d00000, 0x00000006c6d00000|
| 110|0x00000006c6e00000, 0x00000006c6e00000, 0x00000006c6f00000|  0%| F|  |TS  0|AC  0|TAMS 0x00000006c6e00000, 0x00000006c6e00000|
| 111|0x00000006c6f00000, 0x00000006c6f00000, 0x00000006c7000000|  0%| F|  |TS  0|AC  0|TAMS 0x00000006c6f00000, 0x00000006c6f00000|
| 112|0x00000006c7000000, 0x00000006c7000000, 0x00000006c7100000|  0%| F|  |TS  0|AC  0|TAMS 0x00000006c7000000, 0x00000006c7000000|
| 113|0x00000006c7100000, 0x00000006c7100000, 0x00000006c7200000|  0%| F|  |TS  0|AC  0|TAMS 0x00000006c7100000, 0x00000006c7100000|
| 114|0x00000006c7200000, 0x00000006c7200000, 0x00000006c7300000|  0%| F|  |TS  0|AC  0|TAMS 0x00000006c7200000, 0x00000006c7200000|
| 115|0x00000006c7300000, 0x00000006c7300000, 0x00000006c7400000|  0%| F|  |TS  0|AC  0|TAMS 0x00000006c7300000, 0x00000006c7300000|
| 116|0x00000006c7400000, 0x00000006c7400000, 0x00000006c7500000|  0%| F|  |TS  0|AC  0|TAMS 0x00000006c7400000, 0x00000006c7400000|
| 117|0x00000006c7500000, 0x00000006c7500000, 0x00000006c7600000|  0%| F|  |TS  0|AC  0|TAMS 0x00000006c7500000, 0x00000006c7500000|
| 118|0x00000006c7600000, 0x00000006c7600000, 0x00000006c7700000|  0%| F|  |TS  0|AC  0|TAMS 0x00000006c7600000, 0x00000006c7600000|
| 119|0x00000006c7700000, 0x00000006c7700000, 0x00000006c7800000|  0%| F|  |TS  0|AC  0|TAMS 0x00000006c7700000, 0x00000006c7700000|
| 120|0x00000006c7800000, 0x00000006c7800000, 0x00000006c7900000|  0%| F|  |TS  0|AC  0|TAMS 0x00000006c7800000, 0x00000006c7800000|
| 121|0x00000006c7900000, 0x00000006c7900000, 0x00000006c7a00000|  0%| F|  |TS  0|AC  0|TAMS 0x00000006c7900000, 0x00000006c7900000|
| 122|0x00000006c7a00000, 0x00000006c7a00000, 0x00000006c7b00000|  0%| F|  |TS  0|AC  0|TAMS 0x00000006c7a00000, 0x00000006c7a00000|
| 123|0x00000006c7b00000, 0x00000006c7b00000, 0x00000006c7c00000|  0%| F|  |TS  0|AC  0|TAMS 0x00000006c7b00000, 0x00000006c7b00000|
| 124|0x00000006c7c00000, 0x00000006c7c00000, 0x00000006c7d00000|  0%| F|  |TS  0|AC  0|TAMS 0x00000006c7c00000, 0x00000006c7c00000|
| 125|0x00000006c7d00000, 0x00000006c7d00000, 0x00000006c7e00000|  0%| F|  |TS  0|AC  0|TAMS 0x00000006c7d00000, 0x00000006c7d00000|
| 126|0x00000006c7e00000, 0x00000006c7e00000, 0x00000006c7f00000|  0%| F|  |TS  0|AC  0|TAMS 0x00000006c7e00000, 0x00000006c7e00000|
| 127|0x00000006c7f00000, 0x00000006c7f00000, 0x00000006c8000000|  0%| F|  |TS  0|AC  0|TAMS 0x00000006c7f00000, 0x00000006c7f00000|
| 128|0x00000006c8000000, 0x00000006c8000000, 0x00000006c8100000|  0%| F|  |TS  0|AC  0|TAMS 0x00000006c8000000, 0x00000006c8000000|
| 129|0x00000006c8100000, 0x00000006c8100000, 0x00000006c8200000|  0%| F|  |TS  0|AC  0|TAMS 0x00000006c8100000, 0x00000006c8100000|
| 130|0x00000006c8200000, 0x00000006c8200000, 0x00000006c8300000|  0%| F|  |TS  0|AC  0|TAMS 0x00000006c8200000, 0x00000006c8200000|
| 131|0x00000006c8300000, 0x00000006c8300000, 0x00000006c8400000|  0%| F|  |TS  0|AC  0|TAMS 0x00000006c8300000, 0x00000006c8300000|
| 132|0x00000006c8400000, 0x00000006c8400000, 0x00000006c8500000|  0%| F|  |TS  0|AC  0|TAMS 0x00000006c8400000, 0x00000006c8400000|
| 133|0x00000006c8500000, 0x00000006c8500000, 0x00000006c8600000|  0%| F|  |TS  0|AC  0|TAMS 0x00000006c8500000, 0x00000006c8500000|
| 134|0x00000006c8600000, 0x00000006c8600000, 0x00000006c8700000|  0%| F|  |TS  0|AC  0|TAMS 0x00000006c8600000, 0x00000006c8600000|
| 135|0x00000006c8700000, 0x00000006c8700000, 0x00000006c8800000|  0%| F|  |TS  0|AC  0|TAMS 0x00000006c8700000, 0x00000006c8700000|
| 136|0x00000006c8800000, 0x00000006c8800000, 0x00000006c8900000|  0%| F|  |TS  0|AC  0|TAMS 0x00000006c8800000, 0x00000006c8800000|
| 137|0x00000006c8900000, 0x00000006c8900000, 0x00000006c8a00000|  0%| F|  |TS  0|AC  0|TAMS 0x00000006c8900000, 0x00000006c8900000|
| 138|0x00000006c8a00000, 0x00000006c8a00000, 0x00000006c8b00000|  0%| F|  |TS  0|AC  0|TAMS 0x00000006c8a00000, 0x00000006c8a00000|
| 139|0x00000006c8b00000, 0x00000006c8b00000, 0x00000006c8c00000|  0%| F|  |TS  0|AC  0|TAMS 0x00000006c8b00000, 0x00000006c8b00000|
| 140|0x00000006c8c00000, 0x00000006c8c00000, 0x00000006c8d00000|  0%| F|  |TS  0|AC  0|TAMS 0x00000006c8c00000, 0x00000006c8c00000|
| 141|0x00000006c8d00000, 0x00000006c8d00000, 0x00000006c8e00000|  0%| F|  |TS  0|AC  0|TAMS 0x00000006c8d00000, 0x00000006c8d00000|
| 142|0x00000006c8e00000, 0x00000006c8e00000, 0x00000006c8f00000|  0%| F|  |TS  0|AC  0|TAMS 0x00000006c8e00000, 0x00000006c8e00000|
| 143|0x00000006c8f00000, 0x00000006c8f00000, 0x00000006c9000000|  0%| F|  |TS  0|AC  0|TAMS 0x00000006c8f00000, 0x00000006c8f00000|
| 144|0x00000006c9000000, 0x00000006c9000000, 0x00000006c9100000|  0%| F|  |TS  0|AC  0|TAMS 0x00000006c9000000, 0x00000006c9000000|
| 145|0x00000006c9100000, 0x00000006c9100000, 0x00000006c9200000|  0%| F|  |TS  0|AC  0|TAMS 0x00000006c9100000, 0x00000006c9100000|
| 146|0x00000006c9200000, 0x00000006c9200000, 0x00000006c9300000|  0%| F|  |TS  0|AC  0|TAMS 0x00000006c9200000, 0x00000006c9200000|
| 147|0x00000006c9300000, 0x00000006c9300000, 0x00000006c9400000|  0%| F|  |TS  0|AC  0|TAMS 0x00000006c9300000, 0x00000006c9300000|
| 148|0x00000006c9400000, 0x00000006c9400000, 0x00000006c9500000|  0%| F|  |TS  0|AC  0|TAMS 0x00000006c9400000, 0x00000006c9400000|
| 149|0x00000006c9500000, 0x00000006c9500000, 0x00000006c9600000|  0%| F|  |TS  0|AC  0|TAMS 0x00000006c9500000, 0x00000006c9500000|
| 150|0x00000006c9600000, 0x00000006c9600000, 0x00000006c9700000|  0%| F|  |TS  0|AC  0|TAMS 0x00000006c9600000, 0x00000006c9600000|
| 151|0x00000006c9700000, 0x00000006c9700000, 0x00000006c9800000|  0%| F|  |TS  0|AC  0|TAMS 0x00000006c9700000, 0x00000006c9700000|
| 152|0x00000006c9800000, 0x00000006c9800000, 0x00000006c9900000|  0%| F|  |TS  0|AC  0|TAMS 0x00000006c9800000, 0x00000006c9800000|
| 153|0x00000006c9900000, 0x00000006c9900000, 0x00000006c9a00000|  0%| F|  |TS  0|AC  0|TAMS 0x00000006c9900000, 0x00000006c9900000|
| 154|0x00000006c9a00000, 0x00000006c9a00000, 0x00000006c9b00000|  0%| F|  |TS  0|AC  0|TAMS 0x00000006c9a00000, 0x00000006c9a00000|
| 155|0x00000006c9b00000, 0x00000006c9b00000, 0x00000006c9c00000|  0%| F|  |TS  0|AC  0|TAMS 0x00000006c9b00000, 0x00000006c9b00000|
| 156|0x00000006c9c00000, 0x00000006c9c00000, 0x00000006c9d00000|  0%| F|  |TS  0|AC  0|TAMS 0x00000006c9c00000, 0x00000006c9c00000|
| 157|0x00000006c9d00000, 0x00000006c9d00000, 0x00000006c9e00000|  0%| F|  |TS  0|AC  0|TAMS 0x00000006c9d00000, 0x00000006c9d00000|
| 158|0x00000006c9e00000, 0x00000006c9e00000, 0x00000006c9f00000|  0%| F|  |TS  0|AC  0|TAMS 0x00000006c9e00000, 0x00000006c9e00000|
| 159|0x00000006c9f00000, 0x00000006c9f00000, 0x00000006ca000000|  0%| F|  |TS  0|AC  0|TAMS 0x00000006c9f00000, 0x00000006c9f00000|
| 160|0x00000006ca000000, 0x00000006ca000000, 0x00000006ca100000|  0%| F|  |TS  0|AC  0|TAMS 0x00000006ca000000, 0x00000006ca000000|
| 161|0x00000006ca100000, 0x00000006ca100000, 0x00000006ca200000|  0%| F|  |TS  0|AC  0|TAMS 0x00000006ca100000, 0x00000006ca100000|
| 162|0x00000006ca200000, 0x00000006ca200000, 0x00000006ca300000|  0%| F|  |TS  0|AC  0|TAMS 0x00000006ca200000, 0x00000006ca200000|
| 163|0x00000006ca300000, 0x00000006ca300000, 0x00000006ca400000|  0%| F|  |TS  0|AC  0|TAMS 0x00000006ca300000, 0x00000006ca300000|
| 164|0x00000006ca400000, 0x00000006ca400000, 0x00000006ca500000|  0%| F|  |TS  0|AC  0|TAMS 0x00000006ca400000, 0x00000006ca400000|
| 165|0x00000006ca500000, 0x00000006ca500000, 0x00000006ca600000|  0%| F|  |TS  0|AC  0|TAMS 0x00000006ca500000, 0x00000006ca500000|
| 166|0x00000006ca600000, 0x00000006ca600000, 0x00000006ca700000|  0%| F|  |TS  0|AC  0|TAMS 0x00000006ca600000, 0x00000006ca600000|
| 167|0x00000006ca700000, 0x00000006ca700000, 0x00000006ca800000|  0%| F|  |TS  0|AC  0|TAMS 0x00000006ca700000, 0x00000006ca700000|
| 168|0x00000006ca800000, 0x00000006ca800000, 0x00000006ca900000|  0%| F|  |TS  0|AC  0|TAMS 0x00000006ca800000, 0x00000006ca800000|
| 169|0x00000006ca900000, 0x00000006ca900000, 0x00000006caa00000|  0%| F|  |TS  0|AC  0|TAMS 0x00000006ca900000, 0x00000006ca900000|
| 170|0x00000006caa00000, 0x00000006caa00000, 0x00000006cab00000|  0%| F|  |TS  0|AC  0|TAMS 0x00000006caa00000, 0x00000006caa00000|
| 171|0x00000006cab00000, 0x00000006cab00000, 0x00000006cac00000|  0%| F|  |TS  0|AC  0|TAMS 0x00000006cab00000, 0x00000006cab00000|
| 172|0x00000006cac00000, 0x00000006cac00000, 0x00000006cad00000|  0%| F|  |TS  0|AC  0|TAMS 0x00000006cac00000, 0x00000006cac00000|
| 173|0x00000006cad00000, 0x00000006cad00000, 0x00000006cae00000|  0%| F|  |TS  0|AC  0|TAMS 0x00000006cad00000, 0x00000006cad00000|
| 174|0x00000006cae00000, 0x00000006cae00000, 0x00000006caf00000|  0%| F|  |TS  0|AC  0|TAMS 0x00000006cae00000, 0x00000006cae00000|
| 175|0x00000006caf00000, 0x00000006caf00000, 0x00000006cb000000|  0%| F|  |TS  0|AC  0|TAMS 0x00000006caf00000, 0x00000006caf00000|
| 176|0x00000006cb000000, 0x00000006cb000000, 0x00000006cb100000|  0%| F|  |TS  0|AC  0|TAMS 0x00000006cb000000, 0x00000006cb000000|
| 177|0x00000006cb100000, 0x00000006cb100000, 0x00000006cb200000|  0%| F|  |TS  0|AC  0|TAMS 0x00000006cb100000, 0x00000006cb100000|
| 178|0x00000006cb200000, 0x00000006cb200000, 0x00000006cb300000|  0%| F|  |TS  0|AC  0|TAMS 0x00000006cb200000, 0x00000006cb200000|
| 179|0x00000006cb300000, 0x00000006cb300000, 0x00000006cb400000|  0%| F|  |TS  0|AC  0|TAMS 0x00000006cb300000, 0x00000006cb300000|
| 180|0x00000006cb400000, 0x00000006cb400000, 0x00000006cb500000|  0%| F|  |TS  0|AC  0|TAMS 0x00000006cb400000, 0x00000006cb400000|
| 181|0x00000006cb500000, 0x00000006cb500000, 0x00000006cb600000|  0%| F|  |TS  0|AC  0|TAMS 0x00000006cb500000, 0x00000006cb500000|
| 182|0x00000006cb600000, 0x00000006cb600000, 0x00000006cb700000|  0%| F|  |TS  0|AC  0|TAMS 0x00000006cb600000, 0x00000006cb600000|
| 183|0x00000006cb700000, 0x00000006cb700000, 0x00000006cb800000|  0%| F|  |TS  0|AC  0|TAMS 0x00000006cb700000, 0x00000006cb700000|
| 184|0x00000006cb800000, 0x00000006cb800000, 0x00000006cb900000|  0%| F|  |TS  0|AC  0|TAMS 0x00000006cb800000, 0x00000006cb800000|
| 185|0x00000006cb900000, 0x00000006cb900000, 0x00000006cba00000|  0%| F|  |TS  0|AC  0|TAMS 0x00000006cb900000, 0x00000006cb900000|
| 186|0x00000006cba00000, 0x00000006cba00000, 0x00000006cbb00000|  0%| F|  |TS  0|AC  0|TAMS 0x00000006cba00000, 0x00000006cba00000|
| 187|0x00000006cbb00000, 0x00000006cbb00000, 0x00000006cbc00000|  0%| F|  |TS  0|AC  0|TAMS 0x00000006cbb00000, 0x00000006cbb00000|
| 188|0x00000006cbc00000, 0x00000006cbc00000, 0x00000006cbd00000|  0%| F|  |TS  0|AC  0|TAMS 0x00000006cbc00000, 0x00000006cbc00000|
| 189|0x00000006cbd00000, 0x00000006cbd00000, 0x00000006cbe00000|  0%| F|  |TS  0|AC  0|TAMS 0x00000006cbd00000, 0x00000006cbd00000|
| 190|0x00000006cbe00000, 0x00000006cbe00000, 0x00000006cbf00000|  0%| F|  |TS  0|AC  0|TAMS 0x00000006cbe00000, 0x00000006cbe00000|
| 191|0x00000006cbf00000, 0x00000006cbf00000, 0x00000006cc000000|  0%| F|  |TS  0|AC  0|TAMS 0x00000006cbf00000, 0x00000006cbf00000|
| 192|0x00000006cc000000, 0x00000006cc000000, 0x00000006cc100000|  0%| F|  |TS  0|AC  0|TAMS 0x00000006cc000000, 0x00000006cc000000|
| 193|0x00000006cc100000, 0x00000006cc100000, 0x00000006cc200000|  0%| F|  |TS  0|AC  0|TAMS 0x00000006cc100000, 0x00000006cc100000|
| 194|0x00000006cc200000, 0x00000006cc200000, 0x00000006cc300000|  0%| F|  |TS  0|AC  0|TAMS 0x00000006cc200000, 0x00000006cc200000|
| 195|0x00000006cc300000, 0x00000006cc300000, 0x00000006cc400000|  0%| F|  |TS  0|AC  0|TAMS 0x00000006cc300000, 0x00000006cc300000|
| 196|0x00000006cc400000, 0x00000006cc400000, 0x00000006cc500000|  0%| F|  |TS  0|AC  0|TAMS 0x00000006cc400000, 0x00000006cc400000|
| 197|0x00000006cc500000, 0x00000006cc500000, 0x00000006cc600000|  0%| F|  |TS  0|AC  0|TAMS 0x00000006cc500000, 0x00000006cc500000|
| 198|0x00000006cc600000, 0x00000006cc600000, 0x00000006cc700000|  0%| F|  |TS  0|AC  0|TAMS 0x00000006cc600000, 0x00000006cc600000|
| 199|0x00000006cc700000, 0x00000006cc700000, 0x00000006cc800000|  0%| F|  |TS  0|AC  0|TAMS 0x00000006cc700000, 0x00000006cc700000|
| 200|0x00000006cc800000, 0x00000006cc800000, 0x00000006cc900000|  0%| F|  |TS  0|AC  0|TAMS 0x00000006cc800000, 0x00000006cc800000|
| 201|0x00000006cc900000, 0x00000006cc900000, 0x00000006cca00000|  0%| F|  |TS  0|AC  0|TAMS 0x00000006cc900000, 0x00000006cc900000|
| 202|0x00000006cca00000, 0x00000006cca00000, 0x00000006ccb00000|  0%| F|  |TS  0|AC  0|TAMS 0x00000006cca00000, 0x00000006cca00000|
| 203|0x00000006ccb00000, 0x00000006ccb00000, 0x00000006ccc00000|  0%| F|  |TS  0|AC  0|TAMS 0x00000006ccb00000, 0x00000006ccb00000|
| 204|0x00000006ccc00000, 0x00000006ccc00000, 0x00000006ccd00000|  0%| F|  |TS  0|AC  0|TAMS 0x00000006ccc00000, 0x00000006ccc00000|
| 205|0x00000006ccd00000, 0x00000006ccd00000, 0x00000006cce00000|  0%| F|  |TS  0|AC  0|TAMS 0x00000006ccd00000, 0x00000006ccd00000|
| 206|0x00000006cce00000, 0x00000006cce00000, 0x00000006ccf00000|  0%| F|  |TS  0|AC  0|TAMS 0x00000006cce00000, 0x00000006cce00000|
| 207|0x00000006ccf00000, 0x00000006ccf00000, 0x00000006cd000000|  0%| F|  |TS  0|AC  0|TAMS 0x00000006ccf00000, 0x00000006ccf00000|
| 208|0x00000006cd000000, 0x00000006cd000000, 0x00000006cd100000|  0%| F|  |TS  0|AC  0|TAMS 0x00000006cd000000, 0x00000006cd000000|
| 209|0x00000006cd100000, 0x00000006cd100000, 0x00000006cd200000|  0%| F|  |TS  0|AC  0|TAMS 0x00000006cd100000, 0x00000006cd100000|
| 210|0x00000006cd200000, 0x00000006cd200000, 0x00000006cd300000|  0%| F|  |TS  0|AC  0|TAMS 0x00000006cd200000, 0x00000006cd200000|
| 211|0x00000006cd300000, 0x00000006cd300000, 0x00000006cd400000|  0%| F|  |TS  0|AC  0|TAMS 0x00000006cd300000, 0x00000006cd300000|
| 212|0x00000006cd400000, 0x00000006cd400000, 0x00000006cd500000|  0%| F|  |TS  0|AC  0|TAMS 0x00000006cd400000, 0x00000006cd400000|
| 213|0x00000006cd500000, 0x00000006cd500000, 0x00000006cd600000|  0%| F|  |TS  0|AC  0|TAMS 0x00000006cd500000, 0x00000006cd500000|
| 214|0x00000006cd600000, 0x00000006cd600000, 0x00000006cd700000|  0%| F|  |TS  0|AC  0|TAMS 0x00000006cd600000, 0x00000006cd600000|
| 215|0x00000006cd700000, 0x00000006cd700000, 0x00000006cd800000|  0%| F|  |TS  0|AC  0|TAMS 0x00000006cd700000, 0x00000006cd700000|
| 216|0x00000006cd800000, 0x00000006cd800000, 0x00000006cd900000|  0%| F|  |TS  0|AC  0|TAMS 0x00000006cd800000, 0x00000006cd800000|
| 217|0x00000006cd900000, 0x00000006cd900000, 0x00000006cda00000|  0%| F|  |TS  0|AC  0|TAMS 0x00000006cd900000, 0x00000006cd900000|
| 218|0x00000006cda00000, 0x00000006cda00000, 0x00000006cdb00000|  0%| F|  |TS  0|AC  0|TAMS 0x00000006cda00000, 0x00000006cda00000|
| 219|0x00000006cdb00000, 0x00000006cdb00000, 0x00000006cdc00000|  0%| F|  |TS  0|AC  0|TAMS 0x00000006cdb00000, 0x00000006cdb00000|
| 220|0x00000006cdc00000, 0x00000006cdc00000, 0x00000006cdd00000|  0%| F|  |TS  0|AC  0|TAMS 0x00000006cdc00000, 0x00000006cdc00000|
| 221|0x00000006cdd00000, 0x00000006cdd00000, 0x00000006cde00000|  0%| F|  |TS  0|AC  0|TAMS 0x00000006cdd00000, 0x00000006cdd00000|
| 222|0x00000006cde00000, 0x00000006cde00000, 0x00000006cdf00000|  0%| F|  |TS  0|AC  0|TAMS 0x00000006cde00000, 0x00000006cde00000|
| 223|0x00000006cdf00000, 0x00000006cdf00000, 0x00000006ce000000|  0%| F|  |TS  0|AC  0|TAMS 0x00000006cdf00000, 0x00000006cdf00000|
| 224|0x00000006ce000000, 0x00000006ce000000, 0x00000006ce100000|  0%| F|  |TS  0|AC  0|TAMS 0x00000006ce000000, 0x00000006ce000000|
| 225|0x00000006ce100000, 0x00000006ce100000, 0x00000006ce200000|  0%| F|  |TS  0|AC  0|TAMS 0x00000006ce100000, 0x00000006ce100000|
| 226|0x00000006ce200000, 0x00000006ce200000, 0x00000006ce300000|  0%| F|  |TS  0|AC  0|TAMS 0x00000006ce200000, 0x00000006ce200000|
| 227|0x00000006ce300000, 0x00000006ce300000, 0x00000006ce400000|  0%| F|  |TS  0|AC  0|TAMS 0x00000006ce300000, 0x00000006ce300000|
| 228|0x00000006ce400000, 0x00000006ce400000, 0x00000006ce500000|  0%| F|  |TS  0|AC  0|TAMS 0x00000006ce400000, 0x00000006ce400000|
| 229|0x00000006ce500000, 0x00000006ce500000, 0x00000006ce600000|  0%| F|  |TS  0|AC  0|TAMS 0x00000006ce500000, 0x00000006ce500000|
| 230|0x00000006ce600000, 0x00000006ce600000, 0x00000006ce700000|  0%| F|  |TS  0|AC  0|TAMS 0x00000006ce600000, 0x00000006ce600000|
| 231|0x00000006ce700000, 0x00000006ce700000, 0x00000006ce800000|  0%| F|  |TS  0|AC  0|TAMS 0x00000006ce700000, 0x00000006ce700000|
| 232|0x00000006ce800000, 0x00000006ce800000, 0x00000006ce900000|  0%| F|  |TS  0|AC  0|TAMS 0x00000006ce800000, 0x00000006ce800000|
| 233|0x00000006ce900000, 0x00000006ce900000, 0x00000006cea00000|  0%| F|  |TS  0|AC  0|TAMS 0x00000006ce900000, 0x00000006ce900000|
| 234|0x00000006cea00000, 0x00000006cea00000, 0x00000006ceb00000|  0%| F|  |TS  0|AC  0|TAMS 0x00000006cea00000, 0x00000006cea00000|
| 235|0x00000006ceb00000, 0x00000006ceb00000, 0x00000006cec00000|  0%| F|  |TS  0|AC  0|TAMS 0x00000006ceb00000, 0x00000006ceb00000|
| 236|0x00000006cec00000, 0x00000006cec00000, 0x00000006ced00000|  0%| F|  |TS  0|AC  0|TAMS 0x00000006cec00000, 0x00000006cec00000|
| 237|0x00000006ced00000, 0x00000006ced00000, 0x00000006cee00000|  0%| F|  |TS  0|AC  0|TAMS 0x00000006ced00000, 0x00000006ced00000|
| 238|0x00000006cee00000, 0x00000006cee00000, 0x00000006cef00000|  0%| F|  |TS  0|AC  0|TAMS 0x00000006cee00000, 0x00000006cee00000|
| 239|0x00000006cef00000, 0x00000006cef00000, 0x00000006cf000000|  0%| F|  |TS  0|AC  0|TAMS 0x00000006cef00000, 0x00000006cef00000|
| 240|0x00000006cf000000, 0x00000006cf000000, 0x00000006cf100000|  0%| F|  |TS  0|AC  0|TAMS 0x00000006cf000000, 0x00000006cf000000|
| 241|0x00000006cf100000, 0x00000006cf100000, 0x00000006cf200000|  0%| F|  |TS  0|AC  0|TAMS 0x00000006cf100000, 0x00000006cf100000|
| 242|0x00000006cf200000, 0x00000006cf200000, 0x00000006cf300000|  0%| F|  |TS  0|AC  0|TAMS 0x00000006cf200000, 0x00000006cf200000|
| 243|0x00000006cf300000, 0x00000006cf300000, 0x00000006cf400000|  0%| F|  |TS  0|AC  0|TAMS 0x00000006cf300000, 0x00000006cf300000|
| 244|0x00000006cf400000, 0x00000006cf400000, 0x00000006cf500000|  0%| F|  |TS  0|AC  0|TAMS 0x00000006cf400000, 0x00000006cf400000|
| 245|0x00000006cf500000, 0x00000006cf500000, 0x00000006cf600000|  0%| F|  |TS  0|AC  0|TAMS 0x00000006cf500000, 0x00000006cf500000|
| 246|0x00000006cf600000, 0x00000006cf600000, 0x00000006cf700000|  0%| F|  |TS  0|AC  0|TAMS 0x00000006cf600000, 0x00000006cf600000|
| 247|0x00000006cf700000, 0x00000006cf700000, 0x00000006cf800000|  0%| F|  |TS  0|AC  0|TAMS 0x00000006cf700000, 0x00000006cf700000|
| 248|0x00000006cf800000, 0x00000006cf800000, 0x00000006cf900000|  0%| F|  |TS  0|AC  0|TAMS 0x00000006cf800000, 0x00000006cf800000|
| 249|0x00000006cf900000, 0x00000006cf900000, 0x00000006cfa00000|  0%| F|  |TS  0|AC  0|TAMS 0x00000006cf900000, 0x00000006cf900000|
| 250|0x00000006cfa00000, 0x00000006cfaf7378, 0x00000006cfb00000| 96%| E|  |TS  0|AC  0|TAMS 0x00000006cfa00000, 0x00000006cfa00000|
| 251|0x00000006cfb00000, 0x00000006cfc00000, 0x00000006cfc00000|100%| E|CS|TS  0|AC  0|TAMS 0x00000006cfb00000, 0x00000006cfb00000|
| 252|0x00000006cfc00000, 0x00000006cfd00000, 0x00000006cfd00000|100%| E|CS|TS  0|AC  0|TAMS 0x00000006cfc00000, 0x00000006cfc00000|
| 253|0x00000006cfd00000, 0x00000006cfe00000, 0x00000006cfe00000|100%| E|CS|TS  0|AC  0|TAMS 0x00000006cfd00000, 0x00000006cfd00000|
| 254|0x00000006cfe00000, 0x00000006cff00000, 0x00000006cff00000|100%| E|CS|TS  0|AC  0|TAMS 0x00000006cfe00000, 0x00000006cfe00000|
| 255|0x00000006cff00000, 0x00000006d0000000, 0x00000006d0000000|100%| E|CS|TS  0|AC  0|TAMS 0x00000006cff00000, 0x00000006cff00000|

Card table byte_map: [0x0000000110981000,0x0000000111181000] byte_map_base: 0x000000010d381000

Marking Bits (Prev, Next): (CMBitMap*) 0x00007fe4b3038e60, (CMBitMap*) 0x00007fe4b3038e98
 Prev Bits: [0x0000000111981000, 0x0000000115981000)
 Next Bits: [0x00000001335d1000, 0x00000001375d1000)

Polling page: 0x000000010d7e4000

CodeHeap 'non-profiled nmethods': size=120032Kb used=136Kb max_used=136Kb free=119895Kb
 bounds [0x000000012c099000, 0x000000012c309000, 0x00000001335d1000]
CodeHeap 'profiled nmethods': size=120028Kb used=866Kb max_used=866Kb free=119161Kb
 bounds [0x0000000124b62000, 0x0000000124dd2000, 0x000000012c099000]
CodeHeap 'non-nmethods': size=5700Kb used=1114Kb max_used=1142Kb free=4585Kb
 bounds [0x00000001245d1000, 0x0000000124841000, 0x0000000124b62000]
 total_blobs=944 nmethods=473 adapters=273
 compilation: enabled

Compilation events (10 events):
Event: 1542.236 Thread 0x00007fe4b5007800  470       1       org.eclipse.jdt.launching.internal.org.objectweb.asm.SymbolTable::getSource (5 bytes)
Event: 1542.236 Thread 0x00007fe4b5007800 nmethod 470 0x000000012c0bab10 code [0x000000012c0bacc0, 0x000000012c0badd0]
Event: 1542.237 Thread 0x00007fe4b5007800  472       3       org.eclipse.jdt.launching.internal.org.objectweb.asm.Handler::getExceptionTableSize (10 bytes)
Event: 1542.237 Thread 0x00007fe4b5007800 nmethod 472 0x0000000124c39410 code [0x0000000124c395e0, 0x0000000124c39830]
Event: 1542.237 Thread 0x00007fe4b5007800  471       1       org.eclipse.jdt.launching.internal.org.objectweb.asm.MethodWriter::hasAsmInstructions (5 bytes)
Event: 1542.237 Thread 0x00007fe4b5007800 nmethod 471 0x000000012c0bae90 code [0x000000012c0bb040, 0x000000012c0bb150]
Event: 1648.883 Thread 0x00007fe4b5007800  473       3       org.eclipse.jdt.launching.internal.org.objectweb.asm.Label::addForwardReference (100 bytes)
Event: 1648.884 Thread 0x00007fe4b5007800 nmethod 473 0x0000000124c39990 code [0x0000000124c39b60, 0x0000000124c3a088]
Event: 1662.542 Thread 0x00007fe4b5007800  474       3       org.eclipse.jdt.launching.internal.org.objectweb.asm.ByteVector::enlarge (51 bytes)
Event: 1662.542 Thread 0x00007fe4b5007800 nmethod 474 0x0000000124c3a210 code [0x0000000124c3a3e0, 0x0000000124c3a748]

GC Heap History (0 events):
No events

Deoptimization events (3 events):
Event: 0.436 Thread 0x00007fe4b5801800 Uncommon trap: reason=unstable_if action=reinterpret pc=0x000000012c0ab1a4 method=java.util.HashMap.putVal(ILjava/lang/Object;Ljava/lang/Object;ZZ)Ljava/lang/Object; @ 69 c2
Event: 0.490 Thread 0x00007fe4b5801800 Uncommon trap: reason=unstable_if action=reinterpret pc=0x000000012c09f1f0 method=java.lang.String.isLatin1()Z @ 10 c2
Event: 0.490 Thread 0x00007fe4b5801800 Uncommon trap: reason=unstable_if action=reinterpret pc=0x000000012c0ad67c method=java.lang.String.isLatin1()Z @ 10 c2

Classes redefined (8 events):
Event: 1068.463 Thread 0x00007fe4b3814800 redefined class name=lab10.MaxHeap, count=1
Event: 1320.633 Thread 0x00007fe4b3814800 redefined class name=lab10.MaxHeap, count=2
Event: 1355.938 Thread 0x00007fe4b3814800 redefined class name=lab10.MaxHeap, count=3
Event: 1413.217 Thread 0x00007fe4b3814800 redefined class name=lab10.MaxHeap, count=4
Event: 1474.268 Thread 0x00007fe4b3814800 redefined class name=lab10.MaxHeap, count=5
Event: 1485.928 Thread 0x00007fe4b3814800 redefined class name=lab10.MaxHeap, count=6
Event: 1542.239 Thread 0x00007fe4b3814800 redefined class name=lab10.MaxHeap, count=7
Event: 1648.888 Thread 0x00007fe4b3814800 redefined class name=lab10.MaxHeap, count=8

Internal exceptions (5 events):
Event: 0.152 Thread 0x00007fe4b5801800 Exception <a 'java/lang/NoSuchMethodError'{0x00000006cfe5ceb0}: method resolution failed> (0x00000006cfe5ceb0) thrown at [/scratch/mesos/slaves/9190d864-6621-4810-ba08-d8d8c75ba674-S34/frameworks/1735e8a2-a1db-478c-8104-60c8b0af87dd-0196/executors/f87b489
Event: 0.158 Thread 0x00007fe4b5801800 Exception <a 'java/lang/NoSuchMethodError'{0x00000006cfe6eb60}: java.lang.invoke.DirectMethodHandle$Holder.invokeVirtual(Ljava/lang/Object;Ljava/lang/Object;)V> (0x00000006cfe6eb60) thrown at [/scratch/mesos/slaves/9190d864-6621-4810-ba08-d8d8c75ba674-S34
Event: 0.159 Thread 0x00007fe4b5801800 Exception <a 'java/lang/NoSuchMethodError'{0x00000006cfe74260}: method resolution failed> (0x00000006cfe74260) thrown at [/scratch/mesos/slaves/9190d864-6621-4810-ba08-d8d8c75ba674-S34/frameworks/1735e8a2-a1db-478c-8104-60c8b0af87dd-0196/executors/f87b489
Event: 0.163 Thread 0x00007fe4b5801800 Exception <a 'java/lang/NoSuchMethodError'{0x00000006cfe89c50}: java.lang.invoke.DirectMethodHandle$Holder.invokeInterface(Ljava/lang/Object;Ljava/lang/Object;Ljava/lang/Object;)I> (0x00000006cfe89c50) thrown at [/scratch/mesos/slaves/9190d864-6621-4810-b
Event: 0.169 Thread 0x00007fe4b5801800 Exception <a 'java/lang/NoSuchMethodError'{0x00000006cfe9bb70}: method resolution failed> (0x00000006cfe9bb70) thrown at [/scratch/mesos/slaves/9190d864-6621-4810-ba08-d8d8c75ba674-S34/frameworks/1735e8a2-a1db-478c-8104-60c8b0af87dd-0196/executors/f87b489

Events (10 events):
Event: 1648.989 Executing VM operation: GetCurrentContendedMonitor done
Event: 1648.995 Executing VM operation: GetFrameLocation
Event: 1648.995 Executing VM operation: GetFrameLocation done
Event: 1648.995 Executing VM operation: GetOrSetLocal
Event: 1648.996 Executing VM operation: GetOrSetLocal done
Event: 1648.996 Executing VM operation: GetFrameLocation
Event: 1648.996 Executing VM operation: GetFrameLocation done
Event: 1648.996 Executing VM operation: GetOrSetLocal
Event: 1648.996 Executing VM operation: GetOrSetLocal done
Event: 1662.543 Executing VM operation: RedefineClasses


Dynamic libraries:
0x00007fff3aa10000 	/System/Library/Frameworks/Cocoa.framework/Versions/A/Cocoa
0x00007fff47029000 	/System/Library/Frameworks/Security.framework/Versions/A/Security
0x00007fff39652000 	/System/Library/Frameworks/ApplicationServices.framework/Versions/A/ApplicationServices
0x00007fff62e71000 	/usr/lib/libz.1.dylib
0x00007fff60da2000 	/usr/lib/libSystem.B.dylib
0x00007fff3b1c3000 	/System/Library/Frameworks/CoreFoundation.framework/Versions/A/CoreFoundation
0x00007fff3d324000 	/System/Library/Frameworks/Foundation.framework/Versions/C/Foundation
0x00007fff6245b000 	/usr/lib/libobjc.A.dylib
0x00007fff387a2000 	/System/Library/Frameworks/AppKit.framework/Versions/C/AppKit
0x00007fff3ad88000 	/System/Library/Frameworks/CoreData.framework/Versions/A/CoreData
0x00007fff5a6e7000 	/System/Library/PrivateFrameworks/RemoteViewServices.framework/Versions/A/RemoteViewServices
0x00007fff5ee47000 	/System/Library/PrivateFrameworks/UIFoundation.framework/Versions/A/UIFoundation
0x00007fff4f4f1000 	/System/Library/PrivateFrameworks/DFRFoundation.framework/Versions/A/DFRFoundation
0x00007fff3f990000 	/System/Library/Frameworks/Metal.framework/Versions/A/Metal
0x00007fff4f68e000 	/System/Library/PrivateFrameworks/DesktopServicesPriv.framework/Versions/A/DesktopServicesPriv
0x00007fff619a8000 	/usr/lib/libenergytrace.dylib
0x00007fff5ceb2000 	/System/Library/PrivateFrameworks/SkyLight.framework/Versions/A/SkyLight
0x00007fff3b666000 	/System/Library/Frameworks/CoreGraphics.framework/Versions/A/CoreGraphics
0x00007fff60d9d000 	/usr/lib/libScreenReader.dylib
0x00007fff3773c000 	/System/Library/Frameworks/Accelerate.framework/Versions/A/Accelerate
0x00007fff3da9e000 	/System/Library/Frameworks/IOSurface.framework/Versions/A/IOSurface
0x00007fff39b9c000 	/System/Library/Frameworks/AudioToolbox.framework/Versions/A/AudioToolbox
0x00007fff39e2c000 	/System/Library/Frameworks/AudioUnit.framework/Versions/A/AudioUnit
0x00007fff4f589000 	/System/Library/PrivateFrameworks/DataDetectorsCore.framework/Versions/A/DataDetectorsCore
0x00007fff3a503000 	/System/Library/Frameworks/Carbon.framework/Versions/A/Frameworks/HIToolbox.framework/Versions/A/HIToolbox
0x00007fff61b02000 	/usr/lib/libicucore.A.dylib
0x00007fff465a8000 	/System/Library/Frameworks/QuartzCore.framework/Versions/A/QuartzCore
0x00007fff5c169000 	/System/Library/PrivateFrameworks/SignpostNotification.framework/Versions/A/SignpostNotification
0x00007fff3a8e9000 	/System/Library/Frameworks/Carbon.framework/Versions/A/Frameworks/SpeechRecognition.framework/Versions/A/SpeechRecognition
0x00007fff60efe000 	/usr/lib/libauto.dylib
0x00007fff62d60000 	/usr/lib/libxml2.2.dylib
0x00007fff4f142000 	/System/Library/PrivateFrameworks/CoreUI.framework/Versions/A/CoreUI
0x00007fff3ac64000 	/System/Library/Frameworks/CoreAudio.framework/Versions/A/CoreAudio
0x00007fff3d15e000 	/System/Library/Frameworks/DiskArbitration.framework/Versions/A/DiskArbitration
0x00007fff61d76000 	/usr/lib/liblangid.dylib
0x00007fff56bed000 	/System/Library/PrivateFrameworks/MultitouchSupport.framework/Versions/A/MultitouchSupport
0x00007fff3da01000 	/System/Library/Frameworks/IOKit.framework/Versions/A/IOKit
0x00007fff60a2c000 	/usr/lib/libDiagnosticMessagesClient.dylib
0x00007fff3c33c000 	/System/Library/Frameworks/CoreServices.framework/Versions/A/CoreServices
0x00007fff5871f000 	/System/Library/PrivateFrameworks/PerformanceAnalysis.framework/Versions/A/PerformanceAnalysis
0x00007fff4574a000 	/System/Library/Frameworks/OpenGL.framework/Versions/A/OpenGL
0x00007fff3aa1e000 	/System/Library/Frameworks/ColorSync.framework/Versions/A/ColorSync
0x00007fff3bc78000 	/System/Library/Frameworks/CoreImage.framework/Versions/A/CoreImage
0x00007fff3cccc000 	/System/Library/Frameworks/CoreText.framework/Versions/A/CoreText
0x00007fff3dafc000 	/System/Library/Frameworks/ImageIO.framework/Versions/A/ImageIO
0x00007fff4be39000 	/System/Library/PrivateFrameworks/Backup.framework/Versions/A/Backup
0x00007fff60e4e000 	/usr/lib/libarchive.2.dylib
0x00007fff3a14f000 	/System/Library/Frameworks/CFNetwork.framework/Versions/A/CFNetwork
0x00007fff477bc000 	/System/Library/Frameworks/SystemConfiguration.framework/Versions/A/SystemConfiguration
0x00007fff60955000 	/usr/lib/libCRFSuite.dylib
0x00007fff60fd7000 	/usr/lib/libc++.1.dylib
0x00007fff6102e000 	/usr/lib/libc++abi.dylib
0x00007fff62f1f000 	/usr/lib/system/libcache.dylib
0x00007fff62f24000 	/usr/lib/system/libcommonCrypto.dylib
0x00007fff62f2f000 	/usr/lib/system/libcompiler_rt.dylib
0x00007fff62f37000 	/usr/lib/system/libcopyfile.dylib
0x00007fff62f41000 	/usr/lib/system/libcorecrypto.dylib
0x00007fff6304e000 	/usr/lib/system/libdispatch.dylib
0x00007fff63088000 	/usr/lib/system/libdyld.dylib
0x00007fff630a6000 	/usr/lib/system/libkeymgr.dylib
0x00007fff630b4000 	/usr/lib/system/liblaunch.dylib
0x00007fff630b5000 	/usr/lib/system/libmacho.dylib
0x00007fff630ba000 	/usr/lib/system/libquarantine.dylib
0x00007fff630bd000 	/usr/lib/system/libremovefile.dylib
0x00007fff630bf000 	/usr/lib/system/libsystem_asl.dylib
0x00007fff630d7000 	/usr/lib/system/libsystem_blocks.dylib
0x00007fff630d8000 	/usr/lib/system/libsystem_c.dylib
0x00007fff63162000 	/usr/lib/system/libsystem_configuration.dylib
0x00007fff63166000 	/usr/lib/system/libsystem_coreservices.dylib
0x00007fff6316a000 	/usr/lib/system/libsystem_darwin.dylib
0x00007fff6316c000 	/usr/lib/system/libsystem_dnssd.dylib
0x00007fff63173000 	/usr/lib/system/libsystem_info.dylib
0x00007fff631e4000 	/usr/lib/system/libsystem_m.dylib
0x00007fff63230000 	/usr/lib/system/libsystem_malloc.dylib
0x00007fff63250000 	/usr/lib/system/libsystem_network.dylib
0x00007fff63381000 	/usr/lib/system/libsystem_networkextension.dylib
0x00007fff6338c000 	/usr/lib/system/libsystem_notify.dylib
0x00007fff633aa000 	/usr/lib/system/libsystem_sandbox.dylib
0x00007fff633ae000 	/usr/lib/system/libsystem_secinit.dylib
0x00007fff631bd000 	/usr/lib/system/libsystem_kernel.dylib
0x00007fff63396000 	/usr/lib/system/libsystem_platform.dylib
0x00007fff6339e000 	/usr/lib/system/libsystem_pthread.dylib
0x00007fff633b0000 	/usr/lib/system/libsystem_symptoms.dylib
0x00007fff633b8000 	/usr/lib/system/libsystem_trace.dylib
0x00007fff633cd000 	/usr/lib/system/libunwind.dylib
0x00007fff633d3000 	/usr/lib/system/libxpc.dylib
0x00007fff60868000 	/usr/lib/closure/libclosured.dylib
0x00007fff60fb8000 	/usr/lib/libbsm.0.dylib
0x00007fff630a7000 	/usr/lib/system/libkxld.dylib
0x00007fff60c66000 	/usr/lib/libOpenScriptingUtil.dylib
0x00007fff61327000 	/usr/lib/libcoretls.dylib
0x00007fff61340000 	/usr/lib/libcoretls_cfhelpers.dylib
0x00007fff6285c000 	/usr/lib/libpam.2.dylib
0x00007fff62983000 	/usr/lib/libsqlite3.dylib
0x00007fff62d4f000 	/usr/lib/libxar.1.dylib
0x00007fff60fc9000 	/usr/lib/libbz2.1.0.dylib
0x00007fff61d78000 	/usr/lib/liblzma.5.dylib
0x00007fff62259000 	/usr/lib/libnetwork.dylib
0x00007fff60e37000 	/usr/lib/libapple_nghttp2.dylib
0x00007fff62863000 	/usr/lib/libpcap.A.dylib
0x00007fff60eff000 	/usr/lib/libboringssl.dylib
0x00007fff62cea000 	/usr/lib/libusrtcp.dylib
0x00007fff60e36000 	/usr/lib/libapple_crypto.dylib
0x00007fff3c6bf000 	/System/Library/Frameworks/CoreServices.framework/Versions/A/Frameworks/FSEvents.framework/Versions/A/FSEvents
0x00007fff3c3b2000 	/System/Library/Frameworks/CoreServices.framework/Versions/A/Frameworks/CarbonCore.framework/Versions/A/CarbonCore
0x00007fff3c886000 	/System/Library/Frameworks/CoreServices.framework/Versions/A/Frameworks/Metadata.framework/Versions/A/Metadata
0x00007fff3c937000 	/System/Library/Frameworks/CoreServices.framework/Versions/A/Frameworks/OSServices.framework/Versions/A/OSServices
0x00007fff3c998000 	/System/Library/Frameworks/CoreServices.framework/Versions/A/Frameworks/SearchKit.framework/Versions/A/SearchKit
0x00007fff3c33d000 	/System/Library/Frameworks/CoreServices.framework/Versions/A/Frameworks/AE.framework/Versions/A/AE
0x00007fff3c6c8000 	/System/Library/Frameworks/CoreServices.framework/Versions/A/Frameworks/LaunchServices.framework/Versions/A/LaunchServices
0x00007fff3c68a000 	/System/Library/Frameworks/CoreServices.framework/Versions/A/Frameworks/DictionaryServices.framework/Versions/A/DictionaryServices
0x00007fff3ca07000 	/System/Library/Frameworks/CoreServices.framework/Versions/A/Frameworks/SharedFileList.framework/Versions/A/SharedFileList
0x00007fff40bc6000 	/System/Library/Frameworks/NetFS.framework/Versions/A/NetFS
0x00007fff56e7e000 	/System/Library/PrivateFrameworks/NetAuth.framework/Versions/A/NetAuth
0x00007fff606ff000 	/System/Library/PrivateFrameworks/login.framework/Versions/A/Frameworks/loginsupport.framework/Versions/A/loginsupport
0x00007fff5eac4000 	/System/Library/PrivateFrameworks/TCC.framework/Versions/A/TCC
0x00007fff61e59000 	/usr/lib/libmecabra.dylib
0x00007fff39653000 	/System/Library/Frameworks/ApplicationServices.framework/Versions/A/Frameworks/ATS.framework/Versions/A/ATS
0x00007fff39a01000 	/System/Library/Frameworks/ApplicationServices.framework/Versions/A/Frameworks/ColorSyncLegacy.framework/Versions/A/ColorSyncLegacy
0x00007fff39aa5000 	/System/Library/Frameworks/ApplicationServices.framework/Versions/A/Frameworks/HIServices.framework/Versions/A/HIServices
0x00007fff39af8000 	/System/Library/Frameworks/ApplicationServices.framework/Versions/A/Frameworks/LangAnalysis.framework/Versions/A/LangAnalysis
0x00007fff39b07000 	/System/Library/Frameworks/ApplicationServices.framework/Versions/A/Frameworks/PrintCore.framework/Versions/A/PrintCore
0x00007fff39b54000 	/System/Library/Frameworks/ApplicationServices.framework/Versions/A/Frameworks/QD.framework/Versions/A/QD
0x00007fff39b8f000 	/System/Library/Frameworks/ApplicationServices.framework/Versions/A/Frameworks/SpeechSynthesis.framework/Versions/A/SpeechSynthesis
0x00007fff3b0df000 	/System/Library/Frameworks/CoreDisplay.framework/Versions/A/CoreDisplay
0x00007fff37754000 	/System/Library/Frameworks/Accelerate.framework/Versions/A/Frameworks/vImage.framework/Versions/A/vImage
0x00007fff384ae000 	/System/Library/Frameworks/Accelerate.framework/Versions/A/Frameworks/vecLib.framework/Versions/A/vecLib
0x00007fff3824e000 	/System/Library/Frameworks/Accelerate.framework/Versions/A/Frameworks/vecLib.framework/Versions/A/libvDSP.dylib
0x00007fff37dae000 	/System/Library/Frameworks/Accelerate.framework/Versions/A/Frameworks/vecLib.framework/Versions/A/libBNNS.dylib
0x00007fff381b3000 	/System/Library/Frameworks/Accelerate.framework/Versions/A/Frameworks/vecLib.framework/Versions/A/libQuadrature.dylib
0x00007fff383fc000 	/System/Library/Frameworks/Accelerate.framework/Versions/A/Frameworks/vecLib.framework/Versions/A/libvMisc.dylib
0x00007fff37ddd000 	/System/Library/Frameworks/Accelerate.framework/Versions/A/Frameworks/vecLib.framework/Versions/A/libLAPACK.dylib
0x00007fff37c53000 	/System/Library/Frameworks/Accelerate.framework/Versions/A/Frameworks/vecLib.framework/Versions/A/libBLAS.dylib
0x00007fff3819d000 	/System/Library/Frameworks/Accelerate.framework/Versions/A/Frameworks/vecLib.framework/Versions/A/libLinearAlgebra.dylib
0x00007fff381b9000 	/System/Library/Frameworks/Accelerate.framework/Versions/A/Frameworks/vecLib.framework/Versions/A/libSparse.dylib
0x00007fff3823a000 	/System/Library/Frameworks/Accelerate.framework/Versions/A/Frameworks/vecLib.framework/Versions/A/libSparseBLAS.dylib
0x00007fff53ccd000 	/System/Library/PrivateFrameworks/GPUWrangler.framework/Versions/A/GPUWrangler
0x00007fff5545e000 	/System/Library/PrivateFrameworks/IOAccelerator.framework/Versions/A/IOAccelerator
0x00007fff55469000 	/System/Library/PrivateFrameworks/IOPresentment.framework/Versions/A/IOPresentment
0x00007fff4f503000 	/System/Library/PrivateFrameworks/DSExternalDisplay.framework/Versions/A/DSExternalDisplay
0x00007fff44bc9000 	/System/Library/Frameworks/OpenGL.framework/Versions/A/Libraries/libCoreFSCache.dylib
0x00007fff3ce1d000 	/System/Library/Frameworks/CoreVideo.framework/Versions/A/CoreVideo
0x00007fff54a48000 	/System/Library/PrivateFrameworks/GraphVisualizer.framework/Versions/A/GraphVisualizer
0x00007fff3fbc7000 	/System/Library/Frameworks/MetalPerformanceShaders.framework/Versions/A/MetalPerformanceShaders
0x00007fff60a64000 	/usr/lib/libFosl_dynamic.dylib
0x00007fff505d7000 	/System/Library/PrivateFrameworks/FaceCore.framework/Versions/A/FaceCore
0x00007fff439c4000 	/System/Library/Frameworks/OpenCL.framework/Versions/A/OpenCL
0x00007fff61065000 	/usr/lib/libcompression.dylib
0x00007fff39752000 	/System/Library/Frameworks/ApplicationServices.framework/Versions/A/Frameworks/ATS.framework/Versions/A/Resources/libFontParser.dylib
0x00007fff39875000 	/System/Library/Frameworks/ApplicationServices.framework/Versions/A/Frameworks/ATS.framework/Versions/A/Resources/libFontRegistry.dylib
0x00007fff3dd64000 	/System/Library/Frameworks/ImageIO.framework/Versions/A/Resources/libJPEG.dylib
0x00007fff3e08d000 	/System/Library/Frameworks/ImageIO.framework/Versions/A/Resources/libTIFF.dylib
0x00007fff3e063000 	/System/Library/Frameworks/ImageIO.framework/Versions/A/Resources/libPng.dylib
0x00007fff3dc77000 	/System/Library/Frameworks/ImageIO.framework/Versions/A/Resources/libGIF.dylib
0x00007fff3dc7c000 	/System/Library/Frameworks/ImageIO.framework/Versions/A/Resources/libJP2.dylib
0x00007fff3e08a000 	/System/Library/Frameworks/ImageIO.framework/Versions/A/Resources/libRadiance.dylib
0x00007fff4b564000 	/System/Library/PrivateFrameworks/AppleJPEG.framework/Versions/A/AppleJPEG
0x00007fff3fa2e000 	/System/Library/Frameworks/MetalPerformanceShaders.framework/Frameworks/MPSCore.framework/Versions/A/MPSCore
0x00007fff3fa4a000 	/System/Library/Frameworks/MetalPerformanceShaders.framework/Frameworks/MPSImage.framework/Versions/A/MPSImage
0x00007fff3fadf000 	/System/Library/Frameworks/MetalPerformanceShaders.framework/Frameworks/MPSNeuralNetwork.framework/Versions/A/MPSNeuralNetwork
0x00007fff3faba000 	/System/Library/Frameworks/MetalPerformanceShaders.framework/Frameworks/MPSMatrix.framework/Versions/A/MPSMatrix
0x00007fff5695f000 	/System/Library/PrivateFrameworks/MetalTools.framework/Versions/A/MetalTools
0x00007fff44d94000 	/System/Library/Frameworks/OpenGL.framework/Versions/A/Libraries/libGLU.dylib
0x00007fff44bd4000 	/System/Library/Frameworks/OpenGL.framework/Versions/A/Libraries/libGFXShared.dylib
0x00007fff44bde000 	/System/Library/Frameworks/OpenGL.framework/Versions/A/Libraries/libGL.dylib
0x00007fff44bea000 	/System/Library/Frameworks/OpenGL.framework/Versions/A/Libraries/libGLImage.dylib
0x00007fff44bc6000 	/System/Library/Frameworks/OpenGL.framework/Versions/A/Libraries/libCVMSPluginSupport.dylib
0x00007fff44bcf000 	/System/Library/Frameworks/OpenGL.framework/Versions/A/Libraries/libCoreVMClient.dylib
0x00007fff61812000 	/usr/lib/libcups.2.dylib
0x00007fff3ef95000 	/System/Library/Frameworks/Kerberos.framework/Versions/A/Kerberos
0x00007fff3d75b000 	/System/Library/Frameworks/GSS.framework/Versions/A/GSS
0x00007fff62916000 	/usr/lib/libresolv.9.dylib
0x00007fff61a10000 	/usr/lib/libiconv.2.dylib
0x00007fff54ada000 	/System/Library/PrivateFrameworks/Heimdal.framework/Versions/A/Heimdal
0x00007fff619df000 	/usr/lib/libheimdal-asn1.dylib
0x00007fff43a3c000 	/System/Library/Frameworks/OpenDirectory.framework/Versions/A/OpenDirectory
0x00007fff4d87a000 	/System/Library/PrivateFrameworks/CommonAuth.framework/Versions/A/CommonAuth
0x00007fff43a1f000 	/System/Library/Frameworks/OpenDirectory.framework/Versions/A/Frameworks/CFOpenDirectory.framework/Versions/A/CFOpenDirectory
0x00007fff47355000 	/System/Library/Frameworks/SecurityFoundation.framework/Versions/A/SecurityFoundation
0x00007fff4a729000 	/System/Library/PrivateFrameworks/APFS.framework/Versions/A/APFS
0x00007fff62d4b000 	/usr/lib/libutil.dylib
0x00007fff4b5e7000 	/System/Library/PrivateFrameworks/AppleSauce.framework/Versions/A/AppleSauce
0x00007fff55c46000 	/System/Library/PrivateFrameworks/LinguisticData.framework/Versions/A/LinguisticData
0x00007fff61d92000 	/usr/lib/libmarisa.dylib
0x00007fff55c00000 	/System/Library/PrivateFrameworks/Lexicon.framework/Versions/A/Lexicon
0x00007fff6098f000 	/usr/lib/libChineseTokenizer.dylib
0x00007fff61054000 	/usr/lib/libcmph.dylib
0x00007fff55b0a000 	/System/Library/PrivateFrameworks/LanguageModeling.framework/Versions/A/LanguageModeling
0x00007fff4e389000 	/System/Library/PrivateFrameworks/CoreEmoji.framework/Versions/A/CoreEmoji
0x00007fff47413000 	/System/Library/Frameworks/ServiceManagement.framework/Versions/A/ServiceManagement
0x00007fff4be31000 	/System/Library/PrivateFrameworks/BackgroundTaskManagement.framework/Versions/A/BackgroundTaskManagement
0x00007fff62e48000 	/usr/lib/libxslt.1.dylib
0x00007fff3a813000 	/System/Library/Frameworks/Carbon.framework/Versions/A/Frameworks/Ink.framework/Versions/A/Ink
0x00007fff5ecd9000 	/System/Library/PrivateFrameworks/TextureIO.framework/Versions/A/TextureIO
0x00007fff60e79000 	/usr/lib/libate.dylib
0x00007fff4f463000 	/System/Library/PrivateFrameworks/CrashReporterSupport.framework/Versions/A/CrashReporterSupport
0x00007fff5c029000 	/System/Library/PrivateFrameworks/Sharing.framework/Versions/A/Sharing
0x00007fff5584b000 	/System/Library/PrivateFrameworks/IconServices.framework/Versions/A/IconServices
0x00007fff4ba61000 	/System/Library/PrivateFrameworks/AuthKit.framework/Versions/A/AuthKit
0x00007fff4b3e7000 	/System/Library/PrivateFrameworks/Apple80211.framework/Versions/A/Apple80211
0x00007fff4f278000 	/System/Library/PrivateFrameworks/CoreUtils.framework/Versions/A/CoreUtils
0x00007fff3ce58000 	/System/Library/Frameworks/CoreWLAN.framework/Versions/A/CoreWLAN
0x00007fff3d89d000 	/System/Library/Frameworks/IOBluetooth.framework/Versions/A/IOBluetooth
0x00007fff5a4ee000 	/System/Library/PrivateFrameworks/ProtocolBuffer.framework/Versions/A/ProtocolBuffer
0x00007fff56b48000 	/System/Library/PrivateFrameworks/MobileKeyBag.framework/Versions/A/MobileKeyBag
0x00007fff4eb2d000 	/System/Library/PrivateFrameworks/CorePhoneNumbers.framework/Versions/A/CorePhoneNumbers
0x00007fff4b51f000 	/System/Library/PrivateFrameworks/AppleIDAuthSupport.framework/Versions/A/AppleIDAuthSupport
0x00007fff55af6000 	/System/Library/PrivateFrameworks/KeychainCircle.framework/Versions/A/KeychainCircle
0x00007fff4f3fe000 	/System/Library/PrivateFrameworks/CoreWiFi.framework/Versions/A/CoreWiFi
0x00007fff3ad5e000 	/System/Library/Frameworks/CoreBluetooth.framework/Versions/A/CoreBluetooth
0x00007fff4f64d000 	/System/Library/PrivateFrameworks/DebugSymbols.framework/Versions/A/DebugSymbols
0x00007fff4f02e000 	/System/Library/PrivateFrameworks/CoreSymbolication.framework/Versions/A/CoreSymbolication
0x00007fff5e4ca000 	/System/Library/PrivateFrameworks/Symbolication.framework/Versions/A/Symbolication
0x00007fff4b411000 	/System/Library/PrivateFrameworks/AppleFSCompression.framework/Versions/A/AppleFSCompression
0x00007fff5d917000 	/System/Library/PrivateFrameworks/SpeechRecognitionCore.framework/Versions/A/SpeechRecognitionCore
0x000000010e800000 	/Library/Java/JavaVirtualMachines/jdk-10.0.2.jdk/Contents/Home/lib/server/libjvm.dylib
0x00007fff62c18000 	/usr/lib/libstdc++.6.0.9.dylib
0x000000010d7d6000 	/Library/Java/JavaVirtualMachines/jdk-10.0.2.jdk/Contents/Home/lib/libverify.dylib
0x000000010f6a2000 	/Library/Java/JavaVirtualMachines/jdk-10.0.2.jdk/Contents/Home/lib/libjava.dylib
0x000000010f6d6000 	/Library/Java/JavaVirtualMachines/jdk-10.0.2.jdk/Contents/Home/lib/libjdwp.dylib
0x000000010f713000 	/Library/Java/JavaVirtualMachines/jdk-10.0.2.jdk/Contents/Home/lib/libinstrument.dylib
0x000000010d7ef000 	/Library/Java/JavaVirtualMachines/jdk-10.0.2.jdk/Contents/Home/lib/libzip.dylib
0x000000010d7f7000 	/Library/Java/JavaVirtualMachines/jdk-10.0.2.jdk/Contents/Home/lib/libjimage.dylib
0x0000000118c0b000 	/Library/Java/JavaVirtualMachines/jdk-10.0.2.jdk/Contents/Home/lib/libnio.dylib
0x0000000118c1b000 	/Library/Java/JavaVirtualMachines/jdk-10.0.2.jdk/Contents/Home/lib/./libnet.dylib
0x0000000118dab000 	/Library/Java/JavaVirtualMachines/jdk-10.0.2.jdk/Contents/Home/lib/libdt_socket.dylib


VM Arguments:
jvm_args: -agentlib:jdwp=transport=dt_socket,suspend=y,address=localhost:63327 -javaagent:/Users/harrisongroll/eclipse/java-photon/Eclipse.app/Contents/Eclipse/configuration/org.eclipse.osgi/231/0/.cp/lib/javaagent-shaded.jar -Dfile.encoding=UTF-8 --module-path=/Users/harrisongroll/eclipse-workspace/Lab10/bin -Djdk.module.main=Lab10 
java_command: Lab10/lab10.MaxHeap
java_class_path (initial): <not set>
Launcher Type: SUN_STANDARD

Logging:
Log output configuration:
#0: stdout all=warning uptime,level,tags
#1: stderr all=off uptime,level,tags

Environment Variables:
PATH=/usr/bin:/bin:/usr/sbin:/sbin
SHELL=/bin/bash

Signal Handlers:
SIGSEGV: [libjvm.dylib+0x79ac14], sa_mask[0]=11111111011111110111111111111111, sa_flags=SA_ONSTACK|SA_RESTART|SA_SIGINFO
SIGBUS: [libjvm.dylib+0x79ac14], sa_mask[0]=11111111011111110111111111111111, sa_flags=SA_RESTART|SA_SIGINFO
SIGFPE: [libjvm.dylib+0x79ac14], sa_mask[0]=11111111011111110111111111111111, sa_flags=SA_RESTART|SA_SIGINFO
SIGPIPE: [libjvm.dylib+0x635960], sa_mask[0]=11111111011111110111111111111111, sa_flags=SA_RESTART|SA_SIGINFO
SIGXFSZ: [libjvm.dylib+0x635960], sa_mask[0]=11111111011111110111111111111111, sa_flags=SA_RESTART|SA_SIGINFO
SIGILL: [libjvm.dylib+0x79ac14], sa_mask[0]=11111111011111110111111111111111, sa_flags=SA_RESTART|SA_SIGINFO
SIGUSR2: [libjvm.dylib+0x6361f0], sa_mask[0]=00100000000000000000000000000000, sa_flags=SA_RESTART|SA_SIGINFO
SIGHUP: [libjvm.dylib+0x6349db], sa_mask[0]=11111111011111110111111111111111, sa_flags=SA_RESTART|SA_SIGINFO
SIGINT: [libjvm.dylib+0x6349db], sa_mask[0]=11111111011111110111111111111111, sa_flags=SA_RESTART|SA_SIGINFO
SIGTERM: [libjvm.dylib+0x6349db], sa_mask[0]=11111111011111110111111111111111, sa_flags=SA_RESTART|SA_SIGINFO
SIGQUIT: [libjvm.dylib+0x6349db], sa_mask[0]=11111111011111110111111111111111, sa_flags=SA_RESTART|SA_SIGINFO


---------------  S Y S T E M  ---------------

OS:uname:Darwin 17.7.0 Darwin Kernel Version 17.7.0: Thu Jun 21 22:53:14 PDT 2018; root:xnu-4570.71.2~1/RELEASE_X86_64 x86_64
rlimit: STACK 8192k, CORE 0k, NPROC 1418, NOFILE 10240, AS infinity, DATA infinity, FSIZE infinity
load average:2.23 2.22 2.25

CPU:total 8 (initial active 8) (4 cores per cpu, 2 threads per core) family 6 model 70 stepping 1, cmov, cx8, fxsr, mmx, sse, sse2, sse3, ssse3, sse4.1, sse4.2, popcnt, avx, avx2, aes, clmul, erms, lzcnt, ht, tsc, tscinvbit, bmi1, bmi2, fma

Memory: 4k page, physical 16777216k(319168k free)

vm_info: Java HotSpot(TM) 64-Bit Server VM (10.0.2+13) for bsd-amd64 JRE (10.0.2+13), built on Jun 28 2018 00:49:51 by "mach5one" with gcc 4.2.1 Compatible Apple LLVM 6.1.0 (clang-602.0.49)

END.
